<?xml version="1.0" encoding="UTF-8"?>
<!-- Generated by org.testng.reporters.JUnitXMLReporter -->
<testsuite hostname="ICPL11529" ignored="0" name="BDD Test" tests="1" failures="1" timestamp="11 Apr 2017 13:05:24 GMT" time="13.645" errors="0">
  <testcase name="Scenario1" time="13.551" classname="com.qmetry.qaf.automation.step.client.Scenario">
    <failure type="org.openqa.selenium.TimeoutException" message="Timed out after 10 seconds: Wait time out for Text Google to be visible
Build info: version: &amp;apos;2.53.0&amp;apos;, revision: &amp;apos;35ae25b1534ae328c771e0856c93e187490ca824&amp;apos;, time: &amp;apos;2016-03-15 10:43:46&amp;apos;
System info: host: &amp;apos;ICPL11529&amp;apos;, ip: &amp;apos;10.11.31.73&amp;apos;, os.name: &amp;apos;Windows 8&amp;apos;, os.arch: &amp;apos;amd64&amp;apos;, os.version: &amp;apos;6.2&amp;apos;, java.version: &amp;apos;1.8.0_111&amp;apos;
Driver info: driver.version: unknown">
      <![CDATA[org.openqa.selenium.TimeoutException: Timed out after 10 seconds: Wait time out for Text Google to be visible
Build info: version: '2.53.0', revision: '35ae25b1534ae328c771e0856c93e187490ca824', time: '2016-03-15 10:43:46'
System info: host: 'ICPL11529', ip: '10.11.31.73', os.name: 'Windows 8', os.arch: 'amd64', os.version: '6.2', java.version: '1.8.0_111'
Driver info: driver.version: unknown
	at .When verify google homepage(scenarios/Suite1.bdd:7)
	at org.openqa.selenium.support.ui.FluentWait.timeoutException(FluentWait.java:292)
	at org.openqa.selenium.support.ui.FluentWait.until(FluentWait.java:261)
	at com.qmetry.qaf.automation.ui.webdriver.QAFExtendedWebElement.waitForVisible(QAFExtendedWebElement.java:478)
	at com.amazon.pages.AutoTestPage.Google_verify_aroundBody2(AutoTestPage.java:75)
	at com.qmetry.qaf.automation.step.JavaStepReporter.javaTestStep(JavaStepReporter.java:101)
	at com.amazon.pages.AutoTestPage.Google_verify(AutoTestPage.java:74)
	at com.qmetry.qaf.automation.step.JavaStep.doExecute(JavaStep.java:156)
	at com.qmetry.qaf.automation.step.BaseTestStep.execute(BaseTestStep.java:149)
	at com.qmetry.qaf.automation.step.StringTestStep.execute(StringTestStep.java:134)
	at com.qmetry.qaf.automation.step.client.Scenario.execute(Scenario.java:167)
	at com.qmetry.qaf.automation.step.client.Scenario.scenario(Scenario.java:219)
]]>
    </failure>
  </testcase> <!-- Scenario1 -->
</testsuite> <!-- BDD Test -->
