<?xml version="1.0" encoding="UTF-8"?>
<testng-results skipped="0" failed="1" ignored="0" total="1" passed="0">
  <reporter-output>
    <line>
      <![CDATA[<div style="display:block;margin-left:10px;"><div  class="teststeppass"><span class="teststeppass-label">T </span>Given google launch page</div><div  class="teststepfail"><span class="teststepfail-label">T </span>When verify google homepage</div><div style="display:block;margin-left:10px;"><div  class="fail"><span class="fail-label">F </span>Timed out after 10 seconds: Wait time out for Text Google to be visible
Build info: version: '2.53.0', revision: '35ae25b1534ae328c771e0856c93e187490ca824', time: '2016-03-15 10:43:46'
System info: host: 'ICPL11529', ip: '10.11.31.73', os.name: 'Windows 8', os.arch: 'amd64', os.version: '6.2', java.version: '1.8.0_111'
Driver info: driver.version: unknown</div></div><div  class="teststep"><span class="teststep-label">T </span>Then google home page search</div></div>]]>
    </line>
  </reporter-output>
  <suite name="QAS Demo" duration-ms="13645" started-at="2017-04-11T13:05:11Z" finished-at="2017-04-11T13:05:24Z">
    <groups>
    </groups>
    <test name="BDD Test" duration-ms="13645" started-at="2017-04-11T13:05:11Z" finished-at="2017-04-11T13:05:24Z">
      <class name="com.qmetry.qaf.automation.step.client.Scenario">
        <test-method status="PASS" signature="setupSuit(org.testng.ITestContext)[pri:0, instance:com.qmetry.qaf.automation.step.client.Scenario@3e8]" test-instance-name="Scenario1" name="setupSuit" is-config="true" duration-ms="15" started-at="2017-04-11T18:35:11Z" finished-at="2017-04-11T18:35:11Z">
          <params>
            <param index="0">
              <value>
                <![CDATA[org.testng.TestRunner@51931956]]>
              </value>
            </param>
          </params>
          <reporter-output>
          </reporter-output>
        </test-method> <!-- setupSuit -->
        <test-method status="PASS" signature="setupTest(org.testng.ITestContext)[pri:0, instance:com.qmetry.qaf.automation.step.client.Scenario@3e8]" test-instance-name="Scenario1" name="setupTest" is-config="true" duration-ms="0" started-at="2017-04-11T18:35:11Z" finished-at="2017-04-11T18:35:11Z">
          <params>
            <param index="0">
              <value>
                <![CDATA[org.testng.TestRunner@51931956]]>
              </value>
            </param>
          </params>
          <reporter-output>
          </reporter-output>
        </test-method> <!-- setupTest -->
        <test-method status="PASS" signature="setup(org.testng.ITestContext)[pri:0, instance:com.qmetry.qaf.automation.step.client.Scenario@3e8]" test-instance-name="Scenario1" name="setup" is-config="true" duration-ms="0" started-at="2017-04-11T18:35:11Z" finished-at="2017-04-11T18:35:11Z">
          <params>
            <param index="0">
              <value>
                <![CDATA[org.testng.TestRunner@51931956]]>
              </value>
            </param>
          </params>
          <reporter-output>
          </reporter-output>
        </test-method> <!-- setup -->
        <test-method status="FAIL" signature="Scenario1()[pri:1000, instance:com.qmetry.qaf.automation.step.client.Scenario@3e8]" test-instance-name="Scenario1" name="Scenario1" duration-ms="13551" started-at="2017-04-11T18:35:11Z" description="launching amazon website" finished-at="2017-04-11T18:35:24Z">
          <exception class="org.openqa.selenium.TimeoutException">
            <message>
              <![CDATA[Timed out after 10 seconds: Wait time out for Text Google to be visible
Build info: version: '2.53.0', revision: '35ae25b1534ae328c771e0856c93e187490ca824', time: '2016-03-15 10:43:46'
System info: host: 'ICPL11529', ip: '10.11.31.73', os.name: 'Windows 8', os.arch: 'amd64', os.version: '6.2', java.version: '1.8.0_111'
Driver info: driver.version: unknown]]>
            </message>
            <full-stacktrace>
              <![CDATA[org.openqa.selenium.TimeoutException: Timed out after 10 seconds: Wait time out for Text Google to be visible
Build info: version: '2.53.0', revision: '35ae25b1534ae328c771e0856c93e187490ca824', time: '2016-03-15 10:43:46'
System info: host: 'ICPL11529', ip: '10.11.31.73', os.name: 'Windows 8', os.arch: 'amd64', os.version: '6.2', java.version: '1.8.0_111'
Driver info: driver.version: unknown
	at .When verify google homepage(scenarios/Suite1.bdd:7)
	at org.openqa.selenium.support.ui.FluentWait.timeoutException(FluentWait.java:292)
	at org.openqa.selenium.support.ui.FluentWait.until(FluentWait.java:261)
	at com.qmetry.qaf.automation.ui.webdriver.QAFExtendedWebElement.waitForVisible(QAFExtendedWebElement.java:478)
	at com.amazon.pages.AutoTestPage.Google_verify_aroundBody2(AutoTestPage.java:75)
	at com.qmetry.qaf.automation.step.JavaStepReporter.javaTestStep(JavaStepReporter.java:101)
	at com.amazon.pages.AutoTestPage.Google_verify(AutoTestPage.java:74)
	at com.qmetry.qaf.automation.step.JavaStep.doExecute(JavaStep.java:156)
	at com.qmetry.qaf.automation.step.BaseTestStep.execute(BaseTestStep.java:149)
	at com.qmetry.qaf.automation.step.StringTestStep.execute(StringTestStep.java:134)
	at com.qmetry.qaf.automation.step.client.Scenario.execute(Scenario.java:167)
	at com.qmetry.qaf.automation.step.client.Scenario.scenario(Scenario.java:219)
]]>
            </full-stacktrace>
          </exception> <!-- org.openqa.selenium.TimeoutException -->
          <reporter-output>
            <line>
              <![CDATA[<div style="display:block;margin-left:10px;"><div  class="teststeppass"><span class="teststeppass-label">T </span>Given google launch page</div><div  class="teststepfail"><span class="teststepfail-label">T </span>When verify google homepage</div><div style="display:block;margin-left:10px;"><div  class="fail"><span class="fail-label">F </span>Timed out after 10 seconds: Wait time out for Text Google to be visible
Build info: version: '2.53.0', revision: '35ae25b1534ae328c771e0856c93e187490ca824', time: '2016-03-15 10:43:46'
System info: host: 'ICPL11529', ip: '10.11.31.73', os.name: 'Windows 8', os.arch: 'amd64', os.version: '6.2', java.version: '1.8.0_111'
Driver info: driver.version: unknown</div></div><div  class="teststep"><span class="teststep-label">T </span>Then google home page search</div></div>]]>
            </line>
          </reporter-output>
        </test-method> <!-- Scenario1 -->
        <test-method status="PASS" signature="setupMethod(java.lang.reflect.Method, org.testng.ITestContext)[pri:0, instance:com.qmetry.qaf.automation.step.client.Scenario@3e8]" test-instance-name="Scenario1" name="setupMethod" is-config="true" duration-ms="0" started-at="2017-04-11T18:35:11Z" finished-at="2017-04-11T18:35:11Z">
          <params>
            <param index="0">
              <value>
                <![CDATA[public void com.qmetry.qaf.automation.step.client.Scenario.scenario()]]>
              </value>
            </param>
            <param index="1">
              <value>
                <![CDATA[org.testng.TestRunner@51931956]]>
              </value>
            </param>
          </params>
          <reporter-output>
          </reporter-output>
        </test-method> <!-- setupMethod -->
        <test-method status="PASS" signature="afterClass(org.testng.ITestContext)[pri:0, instance:com.qmetry.qaf.automation.step.client.Scenario@3e8]" test-instance-name="Scenario1" name="afterClass" is-config="true" duration-ms="0" started-at="2017-04-11T18:35:24Z" finished-at="2017-04-11T18:35:24Z">
          <params>
            <param index="0">
              <value>
                <![CDATA[org.testng.TestRunner@51931956]]>
              </value>
            </param>
          </params>
          <reporter-output>
          </reporter-output>
        </test-method> <!-- afterClass -->
        <test-method status="PASS" signature="afterMethod(org.testng.ITestContext, org.testng.ITestResult)[pri:0, instance:com.qmetry.qaf.automation.step.client.Scenario@3e8]" test-instance-name="Scenario1" name="afterMethod" is-config="true" duration-ms="0" started-at="2017-04-11T18:35:24Z" finished-at="2017-04-11T18:35:24Z">
          <params>
            <param index="0">
              <value>
                <![CDATA[org.testng.TestRunner@51931956]]>
              </value>
            </param>
            <param index="1">
              <value>
                <![CDATA[[TestResult name=Scenario1 status=FAILURE method=scenarios.Suite1.bdd.Scenario1()[pri:1000, instance:com.qmetry.qaf.automation.step.client.Scenario@3e8] output=<div style="display:block;margin-left:10px;"><div  class="teststeppass"><span class="teststeppass-label">T </span>Given google launch page</div><div  class="teststepfail"><span class="teststepfail-label">T </span>When verify google homepage</div><div style="display:block;margin-left:10px;"><div  class="fail"><span class="fail-label">F </span>Timed out after 10 seconds: Wait time out for Text Google to be visible
Build info: version: '2.53.0', revision: '35ae25b1534ae328c771e0856c93e187490ca824', time: '2016-03-15 10:43:46'
System info: host: 'ICPL11529', ip: '10.11.31.73', os.name: 'Windows 8', os.arch: 'amd64', os.version: '6.2', java.version: '1.8.0_111'
Driver info: driver.version: unknown</div></div><div  class="teststep"><span class="teststep-label">T </span>Then google home page search</div></div>]]]>
              </value>
            </param>
          </params>
          <reporter-output>
          </reporter-output>
        </test-method> <!-- afterMethod -->
        <test-method status="PASS" signature="afterTest(org.testng.ITestContext)[pri:0, instance:com.qmetry.qaf.automation.step.client.Scenario@3e8]" test-instance-name="Scenario1" name="afterTest" is-config="true" duration-ms="16" started-at="2017-04-11T18:35:24Z" finished-at="2017-04-11T18:35:24Z">
          <params>
            <param index="0">
              <value>
                <![CDATA[org.testng.TestRunner@51931956]]>
              </value>
            </param>
          </params>
          <reporter-output>
          </reporter-output>
        </test-method> <!-- afterTest -->
        <test-method status="PASS" signature="afterSuit(org.testng.ITestContext)[pri:0, instance:com.qmetry.qaf.automation.step.client.Scenario@3e8]" test-instance-name="Scenario1" name="afterSuit" is-config="true" duration-ms="16" started-at="2017-04-11T18:35:24Z" finished-at="2017-04-11T18:35:25Z">
          <params>
            <param index="0">
              <value>
                <![CDATA[org.testng.TestRunner@51931956]]>
              </value>
            </param>
          </params>
          <reporter-output>
          </reporter-output>
        </test-method> <!-- afterSuit -->
      </class> <!-- com.qmetry.qaf.automation.step.client.Scenario -->
    </test> <!-- BDD Test -->
  </suite> <!-- QAS Demo -->
</testng-results>
